{
  "RSpec": {
    "coverage": {
      "/Users/student/Makers/week7/takeaway-challenge-mspec/spec/takeaway_spec.rb": {
        "lines": [
          1,
          1,
          null,
          1,
          1,
          2,
          1,
          1,
          null,
          1,
          null,
          null,
          null,
          null,
          null,
          null,
          null,
          null,
          1,
          null,
          null,
          null,
          null,
          1,
          3,
          1,
          1,
          1,
          null,
          null,
          null,
          null,
          1,
          1,
          null,
          null,
          null,
          null,
          null,
          1,
          1,
          1,
          1,
          1,
          1,
          1,
          1,
          1,
          1,
          null,
          null,
          null,
          null,
          null,
          null,
          null,
          null,
          null,
          null,
          null,
          null,
          null,
          null,
          null,
          null,
          null,
          null,
          null,
          null,
          null,
          null,
          null,
          null,
          null,
          null,
          null,
          null,
          null,
          null,
          null,
          null,
          null,
          null
        ]
      },
      "/Users/student/Makers/week7/takeaway-challenge-mspec/lib/takeaway.rb": {
        "lines": [
          1,
          null,
          1,
          null,
          1,
          1,
          4,
          4,
          null,
          4,
          null,
          null,
          1,
          1,
          1,
          7,
          null,
          1,
          null,
          null,
          1,
          3,
          null,
          2,
          2,
          null,
          null,
          1,
          4,
          4,
          4,
          null,
          4,
          4,
          4,
          4,
          null,
          null,
          4,
          null,
          4,
          null,
          null,
          null,
          null,
          null,
          null,
          null,
          null,
          null,
          null,
          null,
          null,
          null,
          null,
          null,
          null,
          null,
          null
        ]
      }
    },
    "timestamp": 1606149564
  }
}
